[debug] [2023-07-30T07:11:26.407Z] ----------------------------------------------------------------------
[debug] [2023-07-30T07:11:26.409Z] Command:       C:\Program Files\nodejs\node.exe C:\Users\hp\AppData\Roaming\npm\node_modules\firebase-tools\lib\bin\firebase.js init
[debug] [2023-07-30T07:11:26.409Z] CLI Version:   12.4.4
[debug] [2023-07-30T07:11:26.410Z] Platform:      win32
[debug] [2023-07-30T07:11:26.410Z] Node Version:  v18.0.0
[debug] [2023-07-30T07:11:26.411Z] Time:          Sun Jul 30 2023 12:41:26 GMT+0530 (India Standard Time)
[debug] [2023-07-30T07:11:26.411Z] ----------------------------------------------------------------------
[debug] 
[debug] [2023-07-30T07:11:26.503Z] > command requires scopes: ["email","openid","https://www.googleapis.com/auth/cloudplatformprojects.readonly","https://www.googleapis.com/auth/firebase","https://www.googleapis.com/auth/cloud-platform"]
[debug] [2023-07-30T07:11:26.504Z] > authorizing via signed-in user (joytikumari12594@gmail.com)
[info] 
     ######## #### ########  ######## ########     ###     ######  ########
     ##        ##  ##     ## ##       ##     ##  ##   ##  ##       ##
     ######    ##  ########  ######   ########  #########  ######  ######
     ##        ##  ##    ##  ##       ##     ## ##     ##       ## ##
     ##       #### ##     ## ######## ########  ##     ##  ######  ########

You're about to initialize a Firebase project in this directory:

  D:\hotelmanagement

Before we get started, keep in mind:

  * You are initializing within an existing Firebase project directory

[info] 
=== Project Setup
[info] 
[info] First, let's associate this project directory with a Firebase project.
[info] You can create multiple project aliases by running firebase use --add, 
[info] but for now we'll just set up a default project.
[info] 
[debug] [2023-07-30T07:11:48.483Z] > refreshing access token with scopes: []
[debug] [2023-07-30T07:11:48.486Z] >>> [apiv2][query] POST https://www.googleapis.com/oauth2/v3/token [none]
[debug] [2023-07-30T07:11:48.487Z] >>> [apiv2][body] POST https://www.googleapis.com/oauth2/v3/token [omitted]
[debug] [2023-07-30T07:11:48.971Z] <<< [apiv2][status] POST https://www.googleapis.com/oauth2/v3/token 400
[debug] [2023-07-30T07:11:48.971Z] <<< [apiv2][body] POST https://www.googleapis.com/oauth2/v3/token [omitted]
[debug] [2023-07-30T07:11:48.972Z] >>> [apiv2][query] GET https://firebase.googleapis.com/v1beta1/projects pageSize=100
[debug] [2023-07-30T07:11:49.644Z] <<< [apiv2][status] GET https://firebase.googleapis.com/v1beta1/projects 401
[debug] [2023-07-30T07:11:49.644Z] <<< [apiv2][body] GET https://firebase.googleapis.com/v1beta1/projects [omitted]
[debug] [2023-07-30T07:11:49.645Z] HTTP Error: 401, Request had invalid authentication credentials. Expected OAuth 2 access token, login cookie or other valid authentication credential. See https://developers.google.com/identity/sign-in/web/devconsole-project.
[debug] [2023-07-30T07:11:50.035Z] FirebaseError: HTTP Error: 401, Request had invalid authentication credentials. Expected OAuth 2 access token, login cookie or other valid authentication credential. See https://developers.google.com/identity/sign-in/web/devconsole-project.
    at responseToError (C:\Users\hp\AppData\Roaming\npm\node_modules\firebase-tools\lib\responseToError.js:49:12)
    at RetryOperation._fn (C:\Users\hp\AppData\Roaming\npm\node_modules\firebase-tools\lib\apiv2.js:289:77)
    at process.processTicksAndRejections (node:internal/process/task_queues:95:5)
[error] 
[error] Error: Failed to list Firebase projects. See firebase-debug.log for more info.
[debug] [2023-07-30T09:55:20.393Z] ----------------------------------------------------------------------
[debug] [2023-07-30T09:55:20.396Z] Command:       C:\Program Files\nodejs\node.exe C:\Users\hp\AppData\Roaming\npm\node_modules\firebase-tools\lib\bin\firebase.js init
[debug] [2023-07-30T09:55:20.396Z] CLI Version:   12.4.4
[debug] [2023-07-30T09:55:20.397Z] Platform:      win32
[debug] [2023-07-30T09:55:20.397Z] Node Version:  v18.0.0
[debug] [2023-07-30T09:55:20.405Z] Time:          Sun Jul 30 2023 15:25:20 GMT+0530 (India Standard Time)
[debug] [2023-07-30T09:55:20.405Z] ----------------------------------------------------------------------
[debug] 
[debug] [2023-07-30T09:55:20.526Z] > command requires scopes: ["email","openid","https://www.googleapis.com/auth/cloudplatformprojects.readonly","https://www.googleapis.com/auth/firebase","https://www.googleapis.com/auth/cloud-platform"]
[debug] [2023-07-30T09:55:20.527Z] > authorizing via signed-in user (joytikumari12594@gmail.com)
[info] 
     ######## #### ########  ######## ########     ###     ######  ########
     ##        ##  ##     ## ##       ##     ##  ##   ##  ##       ##
     ######    ##  ########  ######   ########  #########  ######  ######
     ##        ##  ##    ##  ##       ##     ## ##     ##       ## ##
     ##       #### ##     ## ######## ########  ##     ##  ######  ########

You're about to initialize a Firebase project in this directory:

  D:\hotelmanagement

Before we get started, keep in mind:

  * You are initializing within an existing Firebase project directory

